C:\Program Files (x86)\Microsoft Visual Studio\2019\Community\MSBuild\Microsoft\VC\v160\Microsoft.CppBuild.targets(438,5): warning MSB8004: Output Directory does not end with a trailing slash.  This build instance will add the slash as it is required to allow proper evaluation of the Output Directory.
  EcsEntities.cpp
D:\Projects\CG2_template_clear\source\GameStructures.h(25,18): warning C4018: <: несоответствие типов со знаком и без знака
D:\Projects\CG2_template_clear\source\GameStructures.h(25,42): warning C4018: <: несоответствие типов со знаком и без знака
D:\Projects\CG2_template_clear\source\GameStructures.h(47,18): warning C4018: <: несоответствие типов со знаком и без знака
D:\Projects\CG2_template_clear\source\GameStructures.h(47,42): warning C4018: <: несоответствие типов со знаком и без знака
D:\Projects\CG2_template_clear\source\GameStructures.h(53,18): warning C4018: <: несоответствие типов со знаком и без знака
D:\Projects\CG2_template_clear\source\GameStructures.h(53,42): warning C4018: <: несоответствие типов со знаком и без знака
D:\Projects\CG2_template_clear\source\EcsEntities.cpp(89,30): warning C4018: >: несоответствие типов со знаком и без знака
D:\Projects\CG2_template_clear\source\EcsEntities.cpp(156,25): warning C4018: >: несоответствие типов со знаком и без знака
D:\Projects\CG2_template_clear\source\EcsEntities.cpp(188,47): warning C4305: =: усечение из "double" в "float"
D:\Projects\CG2_template_clear\source\EcsEntities.cpp(198,24): warning C4018: >: несоответствие типов со знаком и без знака
D:\Projects\CG2_template_clear\source\EcsEntities.cpp(202,1): warning C4305: -=: усечение из "double" в "float"
D:\Projects\CG2_template_clear\source\EcsEntities.cpp(225,40): warning C4244: =: преобразование "float" в "int", возможна потеря данных
  Создание кода
  22 of 3740 functions ( 0.6%) were compiled, the rest were copied from previous compilation.
    21 functions were new in current compilation
    7 functions had inline decision re-evaluated but remain unchanged
  Создание кода завершено
  CG2_game.vcxproj -> D:\Projects\CG2_template_clear\vcproj\..\build\win\CG2_game.exe
